<?xml version="1.0" encoding="UTF-8"?>
<!-- Generated by org.testng.reporters.JUnitReportReporter -->
<testsuite hostname="Edil-MacBook-Pro.local" failures="0" tests="1" name="runners.Runner" time="15.520" errors="0" timestamp="11 Feb 2020 23:38:21 GMT" skipped="0">
  <testcase classname="runners.Runner" name="runScenario" time="15.520"/>
</testsuite> <!-- runners.Runner -->
